[1228/194804.930:ERROR:directory_reader_win.cc(43)] FindFirstFile: The system cannot find the path specified. (0x3)
[1230/163842.187:ERROR:settings.cc(320)] Settings magic is not 1129342067
[1230/163842.236:ERROR:crash_report_database_win.cc(455)] unexpected header
[1230/164842.276:ERROR:crash_report_database_win.cc(455)] unexpected header
[1230/164842.288:ERROR:filesystem_win.cc(129)] GetFileAttributes C:\Users\subhadeep\AppData\Local\Google\Chrome\User Data\Crashpad\attachments\01d62694-676a-4f3c-88ed-22b3600335aa: The system cannot find the path specified. (0x3)
[1230/164842.292:ERROR:filesystem_win.cc(129)] GetFileAttributes C:\Users\subhadeep\AppData\Local\Google\Chrome\User Data\Crashpad\attachments\15f64ed6-e1ac-4c25-92bf-d0c0ceabac8b: The system cannot find the path specified. (0x3)
[1230/164842.325:ERROR:filesystem_win.cc(129)] GetFileAttributes C:\Users\subhadeep\AppData\Local\Google\Chrome\User Data\Crashpad\attachments\1d4daec7-357a-43d3-93b0-d307654a3b1c: The system cannot find the path specified. (0x3)
[1230/164842.326:ERROR:filesystem_win.cc(129)] GetFileAttributes C:\Users\subhadeep\AppData\Local\Google\Chrome\User Data\Crashpad\attachments\2591fbe6-604d-4693-b557-bb360e8a5fc7: The system cannot find the path specified. (0x3)
[1230/164842.332:ERROR:filesystem_win.cc(129)] GetFileAttributes C:\Users\subhadeep\AppData\Local\Google\Chrome\User Data\Crashpad\attachments\26ba9777-50f0-42f2-b670-0360977706d2: The system cannot find the path specified. (0x3)
[1230/164842.358:ERROR:filesystem_win.cc(129)] GetFileAttributes C:\Users\subhadeep\AppData\Local\Google\Chrome\User Data\Crashpad\attachments\2f38c764-3dda-455c-a68f-62f5ca16090a: The system cannot find the path specified. (0x3)
[1230/164842.365:ERROR:filesystem_win.cc(129)] GetFileAttributes C:\Users\subhadeep\AppData\Local\Google\Chrome\User Data\Crashpad\attachments\3058217b-80e8-4d0f-b50c-4ae6bfba7bd2: The system cannot find the path specified. (0x3)
[1230/164842.377:ERROR:filesystem_win.cc(129)] GetFileAttributes C:\Users\subhadeep\AppData\Local\Google\Chrome\User Data\Crashpad\attachments\387d56cd-cd5f-4b63-85f6-866b36afc2c9: The system cannot find the path specified. (0x3)
[1230/164842.378:ERROR:filesystem_win.cc(129)] GetFileAttributes C:\Users\subhadeep\AppData\Local\Google\Chrome\User Data\Crashpad\attachments\392eee57-f609-4f04-b0c5-f1e2e41d7731: The system cannot find the path specified. (0x3)
[1230/164842.381:ERROR:filesystem_win.cc(129)] GetFileAttributes C:\Users\subhadeep\AppData\Local\Google\Chrome\User Data\Crashpad\attachments\3f38163a-1707-4684-8ea8-92d991f8e304: The system cannot find the path specified. (0x3)
[1230/164842.393:ERROR:filesystem_win.cc(129)] GetFileAttributes C:\Users\subhadeep\AppData\Local\Google\Chrome\User Data\Crashpad\attachments\44aa4c15-d48b-413b-a0ef-2cf1c8c6af87: The system cannot find the path specified. (0x3)
[1230/164842.410:ERROR:filesystem_win.cc(129)] GetFileAttributes C:\Users\subhadeep\AppData\Local\Google\Chrome\User Data\Crashpad\attachments\4c836a53-3d5b-4664-b996-50fa4b433ce7: The system cannot find the path specified. (0x3)
[1230/164842.419:ERROR:filesystem_win.cc(129)] GetFileAttributes C:\Users\subhadeep\AppData\Local\Google\Chrome\User Data\Crashpad\attachments\4d7bc999-0c98-4b34-98ab-8015c3cf02cb: The system cannot find the path specified. (0x3)
[1230/164842.437:ERROR:filesystem_win.cc(129)] GetFileAttributes C:\Users\subhadeep\AppData\Local\Google\Chrome\User Data\Crashpad\attachments\54919264-20f6-4efd-870d-35dc05a0ab58: The system cannot find the path specified. (0x3)
[1230/164842.454:ERROR:filesystem_win.cc(129)] GetFileAttributes C:\Users\subhadeep\AppData\Local\Google\Chrome\User Data\Crashpad\attachments\5b5298e3-09bc-4fcc-a65c-93292ca5569e: The system cannot find the path specified. (0x3)
[1230/164842.482:ERROR:filesystem_win.cc(129)] GetFileAttributes C:\Users\subhadeep\AppData\Local\Google\Chrome\User Data\Crashpad\attachments\6536446e-95be-4df5-9ade-60da965419f2: The system cannot find the path specified. (0x3)
[1230/164842.499:ERROR:filesystem_win.cc(129)] GetFileAttributes C:\Users\subhadeep\AppData\Local\Google\Chrome\User Data\Crashpad\attachments\706bc611-2d9a-4e16-8610-6ec0af245c64: The system cannot find the path specified. (0x3)
[1230/164842.526:ERROR:filesystem_win.cc(129)] GetFileAttributes C:\Users\subhadeep\AppData\Local\Google\Chrome\User Data\Crashpad\attachments\71d4b8d2-2fed-4f12-8dde-65d05b6d6f86: The system cannot find the path specified. (0x3)
[1230/164842.534:ERROR:filesystem_win.cc(129)] GetFileAttributes C:\Users\subhadeep\AppData\Local\Google\Chrome\User Data\Crashpad\attachments\723de5a6-3b36-41c6-8e18-4a8327079b09: The system cannot find the path specified. (0x3)
[1230/164842.545:ERROR:filesystem_win.cc(129)] GetFileAttributes C:\Users\subhadeep\AppData\Local\Google\Chrome\User Data\Crashpad\attachments\771e10d2-86d4-4033-bcc0-e8353b09dd85: The system cannot find the path specified. (0x3)
[1230/164842.551:ERROR:filesystem_win.cc(129)] GetFileAttributes C:\Users\subhadeep\AppData\Local\Google\Chrome\User Data\Crashpad\attachments\837b2f5b-8d8c-4a28-b3db-ed48d65c7816: The system cannot find the path specified. (0x3)
[1230/164842.561:ERROR:filesystem_win.cc(129)] GetFileAttributes C:\Users\subhadeep\AppData\Local\Google\Chrome\User Data\Crashpad\attachments\8b84f0b8-3f59-4739-8aca-0e8c25c7aab4: The system cannot find the path specified. (0x3)
[1230/164842.562:ERROR:filesystem_win.cc(129)] GetFileAttributes C:\Users\subhadeep\AppData\Local\Google\Chrome\User Data\Crashpad\attachments\929d644c-358f-4ae0-b3ce-46c17846843e: The system cannot find the path specified. (0x3)
[1230/164842.572:ERROR:filesystem_win.cc(129)] GetFileAttributes C:\Users\subhadeep\AppData\Local\Google\Chrome\User Data\Crashpad\attachments\9393cdd4-045c-474f-ad84-237dfd62b777: The system cannot find the path specified. (0x3)
[1230/164842.573:ERROR:filesystem_win.cc(129)] GetFileAttributes C:\Users\subhadeep\AppData\Local\Google\Chrome\User Data\Crashpad\attachments\96ac940e-7d9a-462f-9aaa-f16281606426: The system cannot find the path specified. (0x3)
[1230/164842.574:ERROR:filesystem_win.cc(129)] GetFileAttributes C:\Users\subhadeep\AppData\Local\Google\Chrome\User Data\Crashpad\attachments\a4f68545-62e9-4b8f-b6db-b1871375cb65: The system cannot find the path specified. (0x3)
[1230/164842.583:ERROR:filesystem_win.cc(129)] GetFileAttributes C:\Users\subhadeep\AppData\Local\Google\Chrome\User Data\Crashpad\attachments\a51f282c-98a9-45e2-9447-bfabe27ffa51: The system cannot find the path specified. (0x3)
[1230/164842.614:ERROR:filesystem_win.cc(129)] GetFileAttributes C:\Users\subhadeep\AppData\Local\Google\Chrome\User Data\Crashpad\attachments\abd1c559-2767-4999-9583-6e44ad12d67e: The system cannot find the path specified. (0x3)
[1230/164842.615:ERROR:filesystem_win.cc(129)] GetFileAttributes C:\Users\subhadeep\AppData\Local\Google\Chrome\User Data\Crashpad\attachments\adde65bd-2511-499d-9e86-bf10cd94cefb: The system cannot find the path specified. (0x3)
[1230/164842.623:ERROR:filesystem_win.cc(129)] GetFileAttributes C:\Users\subhadeep\AppData\Local\Google\Chrome\User Data\Crashpad\attachments\b12dab4a-86a2-40ed-95a2-3ac31f6f8d75: The system cannot find the path specified. (0x3)
[1230/164842.623:ERROR:filesystem_win.cc(129)] GetFileAttributes C:\Users\subhadeep\AppData\Local\Google\Chrome\User Data\Crashpad\attachments\b40d7f2c-9818-4ec4-b803-8be0db41857c: The system cannot find the path specified. (0x3)
[1230/164842.631:ERROR:filesystem_win.cc(129)] GetFileAttributes C:\Users\subhadeep\AppData\Local\Google\Chrome\User Data\Crashpad\attachments\bd12c9e2-86c4-4b68-b70a-8f7c65694bdf: The system cannot find the path specified. (0x3)
[1230/164842.648:ERROR:filesystem_win.cc(129)] GetFileAttributes C:\Users\subhadeep\AppData\Local\Google\Chrome\User Data\Crashpad\attachments\ca03c347-69ef-4952-8f01-65f4e8053d69: The system cannot find the path specified. (0x3)
[1230/164842.658:ERROR:filesystem_win.cc(129)] GetFileAttributes C:\Users\subhadeep\AppData\Local\Google\Chrome\User Data\Crashpad\attachments\d0c85aa2-06b5-47f6-bd43-625195453d37: The system cannot find the path specified. (0x3)
[1230/164842.669:ERROR:filesystem_win.cc(129)] GetFileAttributes C:\Users\subhadeep\AppData\Local\Google\Chrome\User Data\Crashpad\attachments\d3469316-d93f-4107-91ae-bbcdb27745c6: The system cannot find the path specified. (0x3)
[1230/164842.670:ERROR:filesystem_win.cc(129)] GetFileAttributes C:\Users\subhadeep\AppData\Local\Google\Chrome\User Data\Crashpad\attachments\d86efd96-7083-4c94-9785-ba2320be417b: The system cannot find the path specified. (0x3)
[1230/164842.673:ERROR:filesystem_win.cc(129)] GetFileAttributes C:\Users\subhadeep\AppData\Local\Google\Chrome\User Data\Crashpad\attachments\db66f919-cd45-4db3-90d5-56a371b6cb04: The system cannot find the path specified. (0x3)
[1230/164842.678:ERROR:filesystem_win.cc(129)] GetFileAttributes C:\Users\subhadeep\AppData\Local\Google\Chrome\User Data\Crashpad\attachments\de5b1e7e-6590-4260-adbb-209b35f180b0: The system cannot find the path specified. (0x3)
[1230/164842.689:ERROR:filesystem_win.cc(129)] GetFileAttributes C:\Users\subhadeep\AppData\Local\Google\Chrome\User Data\Crashpad\attachments\df2d1ed7-58da-4463-98da-27751422d641: The system cannot find the path specified. (0x3)
[1230/164842.704:ERROR:filesystem_win.cc(129)] GetFileAttributes C:\Users\subhadeep\AppData\Local\Google\Chrome\User Data\Crashpad\attachments\e0cb0b40-6659-45cd-8476-b1824c78a34d: The system cannot find the path specified. (0x3)
[1230/164842.705:ERROR:filesystem_win.cc(129)] GetFileAttributes C:\Users\subhadeep\AppData\Local\Google\Chrome\User Data\Crashpad\attachments\e2e4f71b-49d3-412a-9000-0a5fc8027203: The system cannot find the path specified. (0x3)
[1230/164842.722:ERROR:filesystem_win.cc(129)] GetFileAttributes C:\Users\subhadeep\AppData\Local\Google\Chrome\User Data\Crashpad\attachments\f334d2fb-8919-4143-9d66-0ce18ccfc542: The system cannot find the path specified. (0x3)
[1230/164842.722:ERROR:filesystem_win.cc(129)] GetFileAttributes C:\Users\subhadeep\AppData\Local\Google\Chrome\User Data\Crashpad\attachments\f33618b3-4e3a-49b2-b263-c58a98327e4f: The system cannot find the path specified. (0x3)
[1230/164842.723:ERROR:filesystem_win.cc(129)] GetFileAttributes C:\Users\subhadeep\AppData\Local\Google\Chrome\User Data\Crashpad\attachments\f6d4dd8e-5050-43f5-b42a-fec2826b707f: The system cannot find the path specified. (0x3)
[1230/164842.724:ERROR:filesystem_win.cc(129)] GetFileAttributes C:\Users\subhadeep\AppData\Local\Google\Chrome\User Data\Crashpad\attachments\f9ea5143-c032-42c9-88de-b970a21fa2aa: The system cannot find the path specified. (0x3)
[1230/164842.734:ERROR:filesystem_win.cc(129)] GetFileAttributes C:\Users\subhadeep\AppData\Local\Google\Chrome\User Data\Crashpad\attachments\fcae6aed-36bc-446c-a372-195390c1ae8a: The system cannot find the path specified. (0x3)
[1230/164842.734:ERROR:directory_reader_win.cc(43)] FindFirstFile: The system cannot find the path specified. (0x3)
[1230/164842.734:ERROR:crash_report_database_win.cc(455)] unexpected header
[1230/164842.735:ERROR:crash_report_database_win.cc(455)] unexpected header
[1230/165342.249:ERROR:crash_report_database_win.cc(455)] unexpected header
[1230/170038.585:ERROR:crash_report_database_win.cc(455)] unexpected header
[1230/181805.736:ERROR:crash_report_database_win.cc(455)] unexpected header
[1230/183302.189:ERROR:crash_report_database_win.cc(455)] unexpected header
[1230/183800.263:ERROR:crash_report_database_win.cc(455)] unexpected header
[1230/184538.927:ERROR:crash_report_database_win.cc(455)] unexpected header
[1230/185212.375:ERROR:crash_report_database_win.cc(455)] unexpected header
[1230/185548.880:ERROR:crash_report_database_win.cc(455)] unexpected header
